<?xml version="1.0" encoding="UTF-8"?>
<!-- Generated by org.testng.reporters.JUnitReportReporter -->
<testsuite name="SeleniumGrid.SeleniumGrid.SeleniumGridTests" tests="4" time="46.815" ignored="0" failures="0" timestamp="02 May 2020 12:02:44 GMT" skipped="0" hostname="Mukuls-MacBook-Air.local" errors="0">
  <testcase name="test1" time="21.526" classname="SeleniumGrid.SeleniumGrid.SeleniumGridTests"/>
  <testcase name="test3" time="9.717" classname="SeleniumGrid.SeleniumGrid.SeleniumGridTests"/>
  <testcase name="test4" time="9.749" classname="SeleniumGrid.SeleniumGrid.SeleniumGridTests"/>
  <testcase name="test2" time="5.823" classname="SeleniumGrid.SeleniumGrid.SeleniumGridTests"/>
</testsuite> <!-- SeleniumGrid.SeleniumGrid.SeleniumGridTests -->
