<?xml version="1.0" encoding="UTF-8"?>
<!-- Generated by org.testng.reporters.JUnitReportReporter -->
<testsuite name="docker.DockerTests" tests="3" time="9.109" ignored="0" failures="0" timestamp="02 Aug 2020 04:30:14 GMT" skipped="0" hostname="Mukuls-MacBook-Air.local" errors="0">
  <testcase name="dockertest2" time="2.114" classname="docker.DockerTests"/>
  <testcase name="dockertest1" time="3.148" classname="docker.DockerTests"/>
  <testcase name="dockertest3" time="3.847" classname="docker.DockerTests"/>
</testsuite> <!-- docker.DockerTests -->
