<?xml version="1.0" encoding="UTF-8"?>
<!-- Generated by org.testng.reporters.JUnitReportReporter -->
<testsuite name="docker.DockerTests" tests="3" time="33.438" ignored="0" failures="0" timestamp="03 May 2020 07:11:48 GMT" skipped="0" hostname="Mukuls-MacBook-Air.local" errors="0">
  <testcase name="test1" time="12.487" classname="docker.DockerTests"/>
  <testcase name="test3" time="10.660" classname="docker.DockerTests"/>
  <testcase name="test4" time="10.291" classname="docker.DockerTests"/>
</testsuite> <!-- docker.DockerTests -->
