<?xml version="1.0" encoding="UTF-8"?>
<!-- Generated by org.testng.reporters.JUnitReportReporter -->
<testsuite skipped="0" hostname="docker-desktop" name="docker.DockerTests" tests="3" failures="0" timestamp="16 May 2020 07:14:26 GMT" time="17.300" errors="0">
  <testcase name="dockertest1" time="11.351" classname="docker.DockerTests"/>
  <testcase name="dockertest3" time="3.204" classname="docker.DockerTests"/>
  <testcase name="dockertest2" time="2.745" classname="docker.DockerTests"/>
</testsuite> <!-- docker.DockerTests -->
